<?xml version="1.0" encoding="UTF-8"?>
<!-- Generated by org.testng.reporters.JUnitXMLReporter -->
<testsuite ignored="0" hostname="user1" failures="1" tests="5" name="Default test" time="11.095" errors="0" timestamp="2025-04-16T11:51:15 IST">
  <testcase classname="io.cucumber.testng.AbstractTestNGCucumberTests" name="runScenario" time="2.012"/>
  <testcase classname="io.cucumber.testng.AbstractTestNGCucumberTests" name="runScenario" time="1.115"/>
  <testcase classname="io.cucumber.testng.AbstractTestNGCucumberTests" name="runScenario" time="0.471">
    <failure type="java.lang.AssertionError" message="Article not present expected [SiddhantSiddSidd is testing] but found []">
      <![CDATA[java.lang.AssertionError: Article not present expected [SiddhantSiddSidd is testing] but found []
at org.testng.Assert.fail(Assert.java:111)
at org.testng.Assert.failNotEquals(Assert.java:1578)
at org.testng.Assert.assertEqualsImpl(Assert.java:150)
at org.testng.Assert.assertEquals(Assert.java:132)
at org.testng.Assert.assertEquals(Assert.java:656)
at stepdefinitions.CreateEditViewDeleteArticle_Ste3pRunner.user_select_an_article(CreateEditViewDeleteArticle_Ste3pRunner.java:101)
at âœ½.User select an article "SiddhantSiddSidd is testing"(file:///C:/workspace/ConduitCaseStrudy/src/test/resources/features/login_create_view_edit_delete_Article.feature:17)
]]>
    </failure>
  </testcase> <!-- runScenario -->
  <testcase classname="io.cucumber.testng.AbstractTestNGCucumberTests" name="runScenario" time="0.455"/>
  <testcase classname="io.cucumber.testng.AbstractTestNGCucumberTests" name="runScenario" time="1.255"/>
</testsuite> <!-- Default test -->
